
**** Build of configuration Debug for project DigPotControl ****

"c:\\ti\\ccsv6\\utils\\bin\\gmake" -k all 
'Building file: ../main.c'
'Invoking: MSP430 Compiler'
"c:/ti/ccsv6/tools/compiler/msp430_4.3.5/bin/cl430" -vmsp --abi=eabi --include_path="c:/ti/ccsv6/ccs_base/msp430/include" --include_path="c:/ti/ccsv6/tools/compiler/msp430_4.3.5/include" --advice:power=all -g --define=__MSP430G2253__ --diag_warning=225 --display_error_number --diag_wrap=off --printf_support=minimal --preproc_with_compile --preproc_dependency="main.pp"  "../main.c"
"../main.c", line 42: remark #1528-D: (ULP 3.1) Detected flag polling using IFG2. Recommend using an interrupt combined with enter LPMx and ISR
"../main.c", line 44: remark #1528-D: (ULP 3.1) Detected flag polling using IFG2. Recommend using an interrupt combined with enter LPMx and ISR
"../main.c", line 46: remark #1528-D: (ULP 3.1) Detected flag polling using IFG2. Recommend using an interrupt combined with enter LPMx and ISR
"../main.c", line 54: warning #112-D: statement is unreachable
"../main.c", line 32: warning #552-D: variable "j" was set but never used
"../main.c", line 39: remark #1544-D: (ULP 13.1) Detected loop counting up. Recommend loops count down as detecting zeros is easier
"c:/ti/ccsv6/tools/compiler/msp430_4.3.5/include/ymath.h", line 490 (col. 7): remark #1531-D: (ULP 5.2) Detected floating point operation(s). Recommend moving them to RAM during run time or not using as these are processing/power intensive
"c:/ti/ccsv6/tools/compiler/msp430_4.3.5/include/ymath.h", line 492 (col. 8): remark #1531-D: (ULP 5.2) Detected floating point operation(s). Recommend moving them to RAM during run time or not using as these are processing/power intensive
"c:/ti/ccsv6/tools/compiler/msp430_4.3.5/include/ymath.h", line 499 (col. 11): remark #1531-D: (ULP 5.2) Detected floating point operation(s). Recommend moving them to RAM during run time or not using as these are processing/power intensive
"c:/ti/ccsv6/tools/compiler/msp430_4.3.5/include/ymath.h", line 521 (col. 10): remark #1531-D: (ULP 5.2) Detected floating point operation(s). Recommend moving them to RAM during run time or not using as these are processing/power intensive
"c:/ti/ccsv6/tools/compiler/msp430_4.3.5/include/ymath.h", line 523 (col. 12): remark #1531-D: (ULP 5.2) Detected floating point operation(s). Recommend moving them to RAM during run time or not using as these are processing/power intensive
"c:/ti/ccsv6/tools/compiler/msp430_4.3.5/include/ymath.h", line 530 (col. 15): remark #1531-D: (ULP 5.2) Detected floating point operation(s). Recommend moving them to RAM during run time or not using as these are processing/power intensive
'Finished building: ../main.c'
' '
'Building target: DigPotControl.out'
'Invoking: MSP430 Linker'
"c:/ti/ccsv6/tools/compiler/msp430_4.3.5/bin/cl430" -vmsp --abi=eabi --advice:power=all -g --define=__MSP430G2253__ --diag_warning=225 --display_error_number --diag_wrap=off --printf_support=minimal -z -m"DigPotControl.map" --heap_size=80 --stack_size=80 -i"c:/ti/ccsv6/ccs_base/msp430/include" -i"c:/ti/ccsv6/tools/compiler/msp430_4.3.5/lib" -i"c:/ti/ccsv6/tools/compiler/msp430_4.3.5/include" --reread_libs --warn_sections --display_error_number --diag_wrap=off --xml_link_info="DigPotControl_linkInfo.xml" --rom_model -o "DigPotControl.out"  "./main.obj" "../lnk_msp430g2253.cmd" -l"libc.a" 
<Linking>
remark #10371-D: (ULP 1.1) Detected no uses of low power mode state changes using LPMx or _bis_SR_register() or __low_power_mode_x() in this project.
remark #10372-D: (ULP 4.1) Detected uninitialized Port 2 in this project. Recommend initializing all unused ports to eliminate wasted current consumption on unused pins.
remark #10372-D: (ULP 4.1) Detected uninitialized Port 3 in this project. Recommend initializing all unused ports to eliminate wasted current consumption on unused pins.
'Finished building target: DigPotControl.out'
' '

**** Build Finished ****
