
**** Build of configuration Debug for project driverlib-cm4f ****

"C:\\ti\\ccsv6\\utils\\bin\\gmake" -k all 
'Building file: C:/StellarisWare/driverlib/adc.c'
'Invoking: ARM Compiler'
"C:/ti/ccsv6/tools/compiler/ti-cgt-arm_5.2.2/bin/armcl" -mv7M4 --code_state=16 --float_support=FPv4SPD16 --abi=eabi -me -O2 -g --include_path="C:/ti/ccsv6/tools/compiler/ti-cgt-arm_5.2.2/include" --include_path="C:/StellarisWare" --gcc --define=ccs="ccs" --diag_warning=225 --display_error_number --gen_func_subsections=on --ual --preproc_with_compile --preproc_dependency="adc.pp"  "C:/StellarisWare/driverlib/adc.c"
'Finished building: C:/StellarisWare/driverlib/adc.c'
' '
'Building file: C:/StellarisWare/driverlib/can.c'
'Invoking: ARM Compiler'
"C:/ti/ccsv6/tools/compiler/ti-cgt-arm_5.2.2/bin/armcl" -mv7M4 --code_state=16 --float_support=FPv4SPD16 --abi=eabi -me -O2 -g --include_path="C:/ti/ccsv6/tools/compiler/ti-cgt-arm_5.2.2/include" --include_path="C:/StellarisWare" --gcc --define=ccs="ccs" --diag_warning=225 --display_error_number --gen_func_subsections=on --ual --preproc_with_compile --preproc_dependency="can.pp"  "C:/StellarisWare/driverlib/can.c"
'Finished building: C:/StellarisWare/driverlib/can.c'
' '
'Building file: C:/StellarisWare/driverlib/comp.c'
'Invoking: ARM Compiler'
"C:/ti/ccsv6/tools/compiler/ti-cgt-arm_5.2.2/bin/armcl" -mv7M4 --code_state=16 --float_support=FPv4SPD16 --abi=eabi -me -O2 -g --include_path="C:/ti/ccsv6/tools/compiler/ti-cgt-arm_5.2.2/include" --include_path="C:/StellarisWare" --gcc --define=ccs="ccs" --diag_warning=225 --display_error_number --gen_func_subsections=on --ual --preproc_with_compile --preproc_dependency="comp.pp"  "C:/StellarisWare/driverlib/comp.c"
'Finished building: C:/StellarisWare/driverlib/comp.c'
' '
'Building file: C:/StellarisWare/driverlib/cpu.c'
'Invoking: ARM Compiler'
"C:/ti/ccsv6/tools/compiler/ti-cgt-arm_5.2.2/bin/armcl" -mv7M4 --code_state=16 --float_support=FPv4SPD16 --abi=eabi -me -O2 -g --include_path="C:/ti/ccsv6/tools/compiler/ti-cgt-arm_5.2.2/include" --include_path="C:/StellarisWare" --gcc --define=ccs="ccs" --diag_warning=225 --display_error_number --gen_func_subsections=on --ual --preproc_with_compile --preproc_dependency="cpu.pp"  "C:/StellarisWare/driverlib/cpu.c"
'Finished building: C:/StellarisWare/driverlib/cpu.c'
' '
'Building file: C:/StellarisWare/driverlib/eeprom.c'
'Invoking: ARM Compiler'
"C:/ti/ccsv6/tools/compiler/ti-cgt-arm_5.2.2/bin/armcl" -mv7M4 --code_state=16 --float_support=FPv4SPD16 --abi=eabi -me -O2 -g --include_path="C:/ti/ccsv6/tools/compiler/ti-cgt-arm_5.2.2/include" --include_path="C:/StellarisWare" --gcc --define=ccs="ccs" --diag_warning=225 --display_error_number --gen_func_subsections=on --ual --preproc_with_compile --preproc_dependency="eeprom.pp"  "C:/StellarisWare/driverlib/eeprom.c"
'Finished building: C:/StellarisWare/driverlib/eeprom.c'
' '
'Building file: C:/StellarisWare/driverlib/epi.c'
'Invoking: ARM Compiler'
"C:/ti/ccsv6/tools/compiler/ti-cgt-arm_5.2.2/bin/armcl" -mv7M4 --code_state=16 --float_support=FPv4SPD16 --abi=eabi -me -O2 -g --include_path="C:/ti/ccsv6/tools/compiler/ti-cgt-arm_5.2.2/include" --include_path="C:/StellarisWare" --gcc --define=ccs="ccs" --diag_warning=225 --display_error_number --gen_func_subsections=on --ual --preproc_with_compile --preproc_dependency="epi.pp"  "C:/StellarisWare/driverlib/epi.c"
'Finished building: C:/StellarisWare/driverlib/epi.c'
' '
'Building file: C:/StellarisWare/driverlib/ethernet.c'
'Invoking: ARM Compiler'
"C:/ti/ccsv6/tools/compiler/ti-cgt-arm_5.2.2/bin/armcl" -mv7M4 --code_state=16 --float_support=FPv4SPD16 --abi=eabi -me -O2 -g --include_path="C:/ti/ccsv6/tools/compiler/ti-cgt-arm_5.2.2/include" --include_path="C:/StellarisWare" --gcc --define=ccs="ccs" --diag_warning=225 --display_error_number --gen_func_subsections=on --ual --preproc_with_compile --preproc_dependency="ethernet.pp"  "C:/StellarisWare/driverlib/ethernet.c"
'Finished building: C:/StellarisWare/driverlib/ethernet.c'
' '
'Building file: C:/StellarisWare/driverlib/fan.c'
'Invoking: ARM Compiler'
"C:/ti/ccsv6/tools/compiler/ti-cgt-arm_5.2.2/bin/armcl" -mv7M4 --code_state=16 --float_support=FPv4SPD16 --abi=eabi -me -O2 -g --include_path="C:/ti/ccsv6/tools/compiler/ti-cgt-arm_5.2.2/include" --include_path="C:/StellarisWare" --gcc --define=ccs="ccs" --diag_warning=225 --display_error_number --gen_func_subsections=on --ual --preproc_with_compile --preproc_dependency="fan.pp"  "C:/StellarisWare/driverlib/fan.c"
'Finished building: C:/StellarisWare/driverlib/fan.c'
' '
'Building file: C:/StellarisWare/driverlib/flash.c'
'Invoking: ARM Compiler'
"C:/ti/ccsv6/tools/compiler/ti-cgt-arm_5.2.2/bin/armcl" -mv7M4 --code_state=16 --float_support=FPv4SPD16 --abi=eabi -me -O2 -g --include_path="C:/ti/ccsv6/tools/compiler/ti-cgt-arm_5.2.2/include" --include_path="C:/StellarisWare" --gcc --define=ccs="ccs" --diag_warning=225 --display_error_number --gen_func_subsections=on --ual --preproc_with_compile --preproc_dependency="flash.pp"  "C:/StellarisWare/driverlib/flash.c"
'Finished building: C:/StellarisWare/driverlib/flash.c'
' '
'Building file: C:/StellarisWare/driverlib/fpu.c'
'Invoking: ARM Compiler'
"C:/ti/ccsv6/tools/compiler/ti-cgt-arm_5.2.2/bin/armcl" -mv7M4 --code_state=16 --float_support=FPv4SPD16 --abi=eabi -me -O2 -g --include_path="C:/ti/ccsv6/tools/compiler/ti-cgt-arm_5.2.2/include" --include_path="C:/StellarisWare" --gcc --define=ccs="ccs" --diag_warning=225 --display_error_number --gen_func_subsections=on --ual --preproc_with_compile --preproc_dependency="fpu.pp"  "C:/StellarisWare/driverlib/fpu.c"
'Finished building: C:/StellarisWare/driverlib/fpu.c'
' '
'Building file: C:/StellarisWare/driverlib/gpio.c'
'Invoking: ARM Compiler'
"C:/ti/ccsv6/tools/compiler/ti-cgt-arm_5.2.2/bin/armcl" -mv7M4 --code_state=16 --float_support=FPv4SPD16 --abi=eabi -me -O2 -g --include_path="C:/ti/ccsv6/tools/compiler/ti-cgt-arm_5.2.2/include" --include_path="C:/StellarisWare" --gcc --define=ccs="ccs" --diag_warning=225 --display_error_number --gen_func_subsections=on --ual --preproc_with_compile --preproc_dependency="gpio.pp"  "C:/StellarisWare/driverlib/gpio.c"
'Finished building: C:/StellarisWare/driverlib/gpio.c'
' '
'Building file: C:/StellarisWare/driverlib/hibernate.c'
'Invoking: ARM Compiler'
"C:/ti/ccsv6/tools/compiler/ti-cgt-arm_5.2.2/bin/armcl" -mv7M4 --code_state=16 --float_support=FPv4SPD16 --abi=eabi -me -O2 -g --include_path="C:/ti/ccsv6/tools/compiler/ti-cgt-arm_5.2.2/include" --include_path="C:/StellarisWare" --gcc --define=ccs="ccs" --diag_warning=225 --display_error_number --gen_func_subsections=on --ual --preproc_with_compile --preproc_dependency="hibernate.pp"  "C:/StellarisWare/driverlib/hibernate.c"
'Finished building: C:/StellarisWare/driverlib/hibernate.c'
' '
'Building file: C:/StellarisWare/driverlib/i2c.c'
'Invoking: ARM Compiler'
"C:/ti/ccsv6/tools/compiler/ti-cgt-arm_5.2.2/bin/armcl" -mv7M4 --code_state=16 --float_support=FPv4SPD16 --abi=eabi -me -O2 -g --include_path="C:/ti/ccsv6/tools/compiler/ti-cgt-arm_5.2.2/include" --include_path="C:/StellarisWare" --gcc --define=ccs="ccs" --diag_warning=225 --display_error_number --gen_func_subsections=on --ual --preproc_with_compile --preproc_dependency="i2c.pp"  "C:/StellarisWare/driverlib/i2c.c"
'Finished building: C:/StellarisWare/driverlib/i2c.c'
' '
'Building file: C:/StellarisWare/driverlib/i2s.c'
'Invoking: ARM Compiler'
"C:/ti/ccsv6/tools/compiler/ti-cgt-arm_5.2.2/bin/armcl" -mv7M4 --code_state=16 --float_support=FPv4SPD16 --abi=eabi -me -O2 -g --include_path="C:/ti/ccsv6/tools/compiler/ti-cgt-arm_5.2.2/include" --include_path="C:/StellarisWare" --gcc --define=ccs="ccs" --diag_warning=225 --display_error_number --gen_func_subsections=on --ual --preproc_with_compile --preproc_dependency="i2s.pp"  "C:/StellarisWare/driverlib/i2s.c"
'Finished building: C:/StellarisWare/driverlib/i2s.c'
' '
'Building file: C:/StellarisWare/driverlib/interrupt.c'
'Invoking: ARM Compiler'
"C:/ti/ccsv6/tools/compiler/ti-cgt-arm_5.2.2/bin/armcl" -mv7M4 --code_state=16 --float_support=FPv4SPD16 --abi=eabi -me -O2 -g --include_path="C:/ti/ccsv6/tools/compiler/ti-cgt-arm_5.2.2/include" --include_path="C:/StellarisWare" --gcc --define=ccs="ccs" --diag_warning=225 --display_error_number --gen_func_subsections=on --ual --preproc_with_compile --preproc_dependency="interrupt.pp"  "C:/StellarisWare/driverlib/interrupt.c"
'Finished building: C:/StellarisWare/driverlib/interrupt.c'
' '
'Building file: C:/StellarisWare/driverlib/lpc.c'
'Invoking: ARM Compiler'
"C:/ti/ccsv6/tools/compiler/ti-cgt-arm_5.2.2/bin/armcl" -mv7M4 --code_state=16 --float_support=FPv4SPD16 --abi=eabi -me -O2 -g --include_path="C:/ti/ccsv6/tools/compiler/ti-cgt-arm_5.2.2/include" --include_path="C:/StellarisWare" --gcc --define=ccs="ccs" --diag_warning=225 --display_error_number --gen_func_subsections=on --ual --preproc_with_compile --preproc_dependency="lpc.pp"  "C:/StellarisWare/driverlib/lpc.c"
'Finished building: C:/StellarisWare/driverlib/lpc.c'
' '
'Building file: C:/StellarisWare/driverlib/mpu.c'
'Invoking: ARM Compiler'
"C:/ti/ccsv6/tools/compiler/ti-cgt-arm_5.2.2/bin/armcl" -mv7M4 --code_state=16 --float_support=FPv4SPD16 --abi=eabi -me -O2 -g --include_path="C:/ti/ccsv6/tools/compiler/ti-cgt-arm_5.2.2/include" --include_path="C:/StellarisWare" --gcc --define=ccs="ccs" --diag_warning=225 --display_error_number --gen_func_subsections=on --ual --preproc_with_compile --preproc_dependency="mpu.pp"  "C:/StellarisWare/driverlib/mpu.c"
'Finished building: C:/StellarisWare/driverlib/mpu.c'
' '
'Building file: C:/StellarisWare/driverlib/peci.c'
'Invoking: ARM Compiler'
"C:/ti/ccsv6/tools/compiler/ti-cgt-arm_5.2.2/bin/armcl" -mv7M4 --code_state=16 --float_support=FPv4SPD16 --abi=eabi -me -O2 -g --include_path="C:/ti/ccsv6/tools/compiler/ti-cgt-arm_5.2.2/include" --include_path="C:/StellarisWare" --gcc --define=ccs="ccs" --diag_warning=225 --display_error_number --gen_func_subsections=on --ual --preproc_with_compile --preproc_dependency="peci.pp"  "C:/StellarisWare/driverlib/peci.c"
'Finished building: C:/StellarisWare/driverlib/peci.c'
' '
'Building file: C:/StellarisWare/driverlib/pwm.c'
'Invoking: ARM Compiler'
"C:/ti/ccsv6/tools/compiler/ti-cgt-arm_5.2.2/bin/armcl" -mv7M4 --code_state=16 --float_support=FPv4SPD16 --abi=eabi -me -O2 -g --include_path="C:/ti/ccsv6/tools/compiler/ti-cgt-arm_5.2.2/include" --include_path="C:/StellarisWare" --gcc --define=ccs="ccs" --diag_warning=225 --display_error_number --gen_func_subsections=on --ual --preproc_with_compile --preproc_dependency="pwm.pp"  "C:/StellarisWare/driverlib/pwm.c"
'Finished building: C:/StellarisWare/driverlib/pwm.c'
' '
'Building file: C:/StellarisWare/driverlib/qei.c'
'Invoking: ARM Compiler'
"C:/ti/ccsv6/tools/compiler/ti-cgt-arm_5.2.2/bin/armcl" -mv7M4 --code_state=16 --float_support=FPv4SPD16 --abi=eabi -me -O2 -g --include_path="C:/ti/ccsv6/tools/compiler/ti-cgt-arm_5.2.2/include" --include_path="C:/StellarisWare" --gcc --define=ccs="ccs" --diag_warning=225 --display_error_number --gen_func_subsections=on --ual --preproc_with_compile --preproc_dependency="qei.pp"  "C:/StellarisWare/driverlib/qei.c"
'Finished building: C:/StellarisWare/driverlib/qei.c'
' '
'Building file: C:/StellarisWare/driverlib/ssi.c'
'Invoking: ARM Compiler'
"C:/ti/ccsv6/tools/compiler/ti-cgt-arm_5.2.2/bin/armcl" -mv7M4 --code_state=16 --float_support=FPv4SPD16 --abi=eabi -me -O2 -g --include_path="C:/ti/ccsv6/tools/compiler/ti-cgt-arm_5.2.2/include" --include_path="C:/StellarisWare" --gcc --define=ccs="ccs" --diag_warning=225 --display_error_number --gen_func_subsections=on --ual --preproc_with_compile --preproc_dependency="ssi.pp"  "C:/StellarisWare/driverlib/ssi.c"
'Finished building: C:/StellarisWare/driverlib/ssi.c'
' '
'Building file: C:/StellarisWare/driverlib/sysctl.c'
'Invoking: ARM Compiler'
"C:/ti/ccsv6/tools/compiler/ti-cgt-arm_5.2.2/bin/armcl" -mv7M4 --code_state=16 --float_support=FPv4SPD16 --abi=eabi -me -O2 -g --include_path="C:/ti/ccsv6/tools/compiler/ti-cgt-arm_5.2.2/include" --include_path="C:/StellarisWare" --gcc --define=ccs="ccs" --diag_warning=225 --display_error_number --gen_func_subsections=on --ual --preproc_with_compile --preproc_dependency="sysctl.pp"  "C:/StellarisWare/driverlib/sysctl.c"
'Finished building: C:/StellarisWare/driverlib/sysctl.c'
' '
'Building file: C:/StellarisWare/driverlib/sysexc.c'
'Invoking: ARM Compiler'
"C:/ti/ccsv6/tools/compiler/ti-cgt-arm_5.2.2/bin/armcl" -mv7M4 --code_state=16 --float_support=FPv4SPD16 --abi=eabi -me -O2 -g --include_path="C:/ti/ccsv6/tools/compiler/ti-cgt-arm_5.2.2/include" --include_path="C:/StellarisWare" --gcc --define=ccs="ccs" --diag_warning=225 --display_error_number --gen_func_subsections=on --ual --preproc_with_compile --preproc_dependency="sysexc.pp"  "C:/StellarisWare/driverlib/sysexc.c"
'Finished building: C:/StellarisWare/driverlib/sysexc.c'
' '
'Building file: C:/StellarisWare/driverlib/systick.c'
'Invoking: ARM Compiler'
"C:/ti/ccsv6/tools/compiler/ti-cgt-arm_5.2.2/bin/armcl" -mv7M4 --code_state=16 --float_support=FPv4SPD16 --abi=eabi -me -O2 -g --include_path="C:/ti/ccsv6/tools/compiler/ti-cgt-arm_5.2.2/include" --include_path="C:/StellarisWare" --gcc --define=ccs="ccs" --diag_warning=225 --display_error_number --gen_func_subsections=on --ual --preproc_with_compile --preproc_dependency="systick.pp"  "C:/StellarisWare/driverlib/systick.c"
'Finished building: C:/StellarisWare/driverlib/systick.c'
' '
'Building file: C:/StellarisWare/driverlib/timer.c'
'Invoking: ARM Compiler'
"C:/ti/ccsv6/tools/compiler/ti-cgt-arm_5.2.2/bin/armcl" -mv7M4 --code_state=16 --float_support=FPv4SPD16 --abi=eabi -me -O2 -g --include_path="C:/ti/ccsv6/tools/compiler/ti-cgt-arm_5.2.2/include" --include_path="C:/StellarisWare" --gcc --define=ccs="ccs" --diag_warning=225 --display_error_number --gen_func_subsections=on --ual --preproc_with_compile --preproc_dependency="timer.pp"  "C:/StellarisWare/driverlib/timer.c"
'Finished building: C:/StellarisWare/driverlib/timer.c'
' '
'Building file: C:/StellarisWare/driverlib/uart.c'
'Invoking: ARM Compiler'
"C:/ti/ccsv6/tools/compiler/ti-cgt-arm_5.2.2/bin/armcl" -mv7M4 --code_state=16 --float_support=FPv4SPD16 --abi=eabi -me -O2 -g --include_path="C:/ti/ccsv6/tools/compiler/ti-cgt-arm_5.2.2/include" --include_path="C:/StellarisWare" --gcc --define=ccs="ccs" --diag_warning=225 --display_error_number --gen_func_subsections=on --ual --preproc_with_compile --preproc_dependency="uart.pp"  "C:/StellarisWare/driverlib/uart.c"
'Finished building: C:/StellarisWare/driverlib/uart.c'
' '
'Building file: C:/StellarisWare/driverlib/udma.c'
'Invoking: ARM Compiler'
"C:/ti/ccsv6/tools/compiler/ti-cgt-arm_5.2.2/bin/armcl" -mv7M4 --code_state=16 --float_support=FPv4SPD16 --abi=eabi -me -O2 -g --include_path="C:/ti/ccsv6/tools/compiler/ti-cgt-arm_5.2.2/include" --include_path="C:/StellarisWare" --gcc --define=ccs="ccs" --diag_warning=225 --display_error_number --gen_func_subsections=on --ual --preproc_with_compile --preproc_dependency="udma.pp"  "C:/StellarisWare/driverlib/udma.c"
'Finished building: C:/StellarisWare/driverlib/udma.c'
' '
'Building file: C:/StellarisWare/driverlib/usb.c'
'Invoking: ARM Compiler'
"C:/ti/ccsv6/tools/compiler/ti-cgt-arm_5.2.2/bin/armcl" -mv7M4 --code_state=16 --float_support=FPv4SPD16 --abi=eabi -me -O2 -g --include_path="C:/ti/ccsv6/tools/compiler/ti-cgt-arm_5.2.2/include" --include_path="C:/StellarisWare" --gcc --define=ccs="ccs" --diag_warning=225 --display_error_number --gen_func_subsections=on --ual --preproc_with_compile --preproc_dependency="usb.pp"  "C:/StellarisWare/driverlib/usb.c"
'Finished building: C:/StellarisWare/driverlib/usb.c'
' '
'Building file: C:/StellarisWare/driverlib/watchdog.c'
'Invoking: ARM Compiler'
"C:/ti/ccsv6/tools/compiler/ti-cgt-arm_5.2.2/bin/armcl" -mv7M4 --code_state=16 --float_support=FPv4SPD16 --abi=eabi -me -O2 -g --include_path="C:/ti/ccsv6/tools/compiler/ti-cgt-arm_5.2.2/include" --include_path="C:/StellarisWare" --gcc --define=ccs="ccs" --diag_warning=225 --display_error_number --gen_func_subsections=on --ual --preproc_with_compile --preproc_dependency="watchdog.pp"  "C:/StellarisWare/driverlib/watchdog.c"
'Finished building: C:/StellarisWare/driverlib/watchdog.c'
' '
'Building target: driverlib-cm4f.lib'
'Invoking: ARM Archiver'
"C:/ti/ccsv6/tools/compiler/ti-cgt-arm_5.2.2/bin/armar" r "driverlib-cm4f.lib" "./adc.obj" "./can.obj" "./comp.obj" "./cpu.obj" "./eeprom.obj" "./epi.obj" "./ethernet.obj" "./fan.obj" "./flash.obj" "./fpu.obj" "./gpio.obj" "./hibernate.obj" "./i2c.obj" "./i2s.obj" "./interrupt.obj" "./lpc.obj" "./mpu.obj" "./peci.obj" "./pwm.obj" "./qei.obj" "./ssi.obj" "./sysctl.obj" "./sysexc.obj" "./systick.obj" "./timer.obj" "./uart.obj" "./udma.obj" "./usb.obj" "./watchdog.obj"  
  ==>  new archive 'driverlib-cm4f.lib'
  ==>  building archive 'driverlib-cm4f.lib'
'Finished building target: driverlib-cm4f.lib'
' '

**** Build Finished ****
