
**** Build of configuration Debug for project ClockSetup ****

"C:\\ti\\ccsv6\\utils\\bin\\gmake" -k all 
'Building file: ../main.c'
'Invoking: MSP430 Compiler'
"C:/ti/ccsv6/tools/compiler/ti-cgt-msp430_4.4.3/bin/cl430" -vmspx --abi=eabi --data_model=restricted --use_hw_mpy=F5 --include_path="C:/ti/ccsv6/ccs_base/msp430/include" --include_path="C:/ti/ccsv6/tools/compiler/ti-cgt-msp430_4.4.3/include" --advice:power=all --advice:hw_config=all -g --define=__MSP430FR5969__ --diag_warning=225 --display_error_number --diag_wrap=off --silicon_errata=CPU21 --silicon_errata=CPU22 --silicon_errata=CPU40 --printf_support=minimal --preproc_with_compile --preproc_dependency="main.pp"  "../main.c"
"../main.c", line 52: remark #1527-D: (ULP 2.1) Detected SW delay loop using empty loop. Recommend using a timer module instead
"C:/ti/ccsv6/tools/compiler/ti-cgt-msp430_4.4.3/include/ymath.h", line 550 (col. 7): remark #1531-D: (ULP 5.2) Detected floating point operation(s). Recommend moving them to RAM during run time or not using as these are processing/power intensive
"C:/ti/ccsv6/tools/compiler/ti-cgt-msp430_4.4.3/include/ymath.h", line 552 (col. 8): remark #1531-D: (ULP 5.2) Detected floating point operation(s). Recommend moving them to RAM during run time or not using as these are processing/power intensive
"C:/ti/ccsv6/tools/compiler/ti-cgt-msp430_4.4.3/include/ymath.h", line 562 (col. 11): remark #1531-D: (ULP 5.2) Detected floating point operation(s). Recommend moving them to RAM during run time or not using as these are processing/power intensive
"C:/ti/ccsv6/tools/compiler/ti-cgt-msp430_4.4.3/include/ymath.h", line 592 (col. 10): remark #1531-D: (ULP 5.2) Detected floating point operation(s). Recommend moving them to RAM during run time or not using as these are processing/power intensive
"C:/ti/ccsv6/tools/compiler/ti-cgt-msp430_4.4.3/include/ymath.h", line 594 (col. 12): remark #1531-D: (ULP 5.2) Detected floating point operation(s). Recommend moving them to RAM during run time or not using as these are processing/power intensive
"C:/ti/ccsv6/tools/compiler/ti-cgt-msp430_4.4.3/include/ymath.h", line 604 (col. 15): remark #1531-D: (ULP 5.2) Detected floating point operation(s). Recommend moving them to RAM during run time or not using as these are processing/power intensive
'Finished building: ../main.c'
' '
'Building target: ClockSetup.out'
'Invoking: MSP430 Linker'
"C:/ti/ccsv6/tools/compiler/ti-cgt-msp430_4.4.3/bin/cl430" -vmspx --abi=eabi --data_model=restricted --use_hw_mpy=F5 --advice:power=all --advice:hw_config=all -g --define=__MSP430FR5969__ --diag_warning=225 --display_error_number --diag_wrap=off --silicon_errata=CPU21 --silicon_errata=CPU22 --silicon_errata=CPU40 --printf_support=minimal -z -m"ClockSetup.map" --heap_size=160 --stack_size=160 --cinit_hold_wdt=on -i"C:/ti/ccsv6/ccs_base/msp430/include" -i"C:/ti/ccsv6/tools/compiler/ti-cgt-msp430_4.4.3/lib" -i"C:/ti/ccsv6/tools/compiler/ti-cgt-msp430_4.4.3/include" -i"C:/ti/ccsv6/ccs_base/msp430/lib/5xx_6xx_FRxx" -i"C:/ti/ccsv6/ccs_base/msp430/lib/FR59xx" --reread_libs --priority --warn_sections --display_error_number --diag_wrap=off --xml_link_info="ClockSetup_linkInfo.xml" --use_hw_mpy=F5 --rom_model -o "ClockSetup.out" "./main.obj" "../lnk_msp430fr5969.cmd"  -l"libc.a" -l"libmath.a" 
<Linking>
remark #10371-D: (ULP 1.1) Detected no uses of low power mode state changing instructions
remark #10372-D: (ULP 4.1) Detected uninitialized Port A in this project. Recommend initializing all unused ports to eliminate wasted current consumption on unused pins.
remark #10372-D: (ULP 4.1) Detected uninitialized Port B in this project. Recommend initializing all unused ports to eliminate wasted current consumption on unused pins.
warning #10420-D: For FRAM devices, at start up, the GPO power-on default high-impedance mode needs to be disabled to activate previously configured port settings. This can be done by clearing the LOCKLPM5 bit in PM5CTL0 register.
warning #10421-D: For FRAM devices running at higher than 8MHz, FRAM waitstate needs to be configured accordingly.
'Finished building target: ClockSetup.out'
' '

**** Build Finished ****

**** Build of configuration Debug for project ClockSetup ****

"C:\\ti\\ccsv6\\utils\\bin\\gmake" -k all 
gmake: Nothing to be done for `all'.

**** Build Finished ****

**** Build of configuration Debug for project ClockSetup ****

"C:\\ti\\ccsv6\\utils\\bin\\gmake" -k all 
gmake: Nothing to be done for `all'.

**** Build Finished ****
